{"numFailedTestSuites":1,"numFailedTests":0,"numPassedTestSuites":0,"numPassedTests":0,"numPendingTestSuites":0,"numPendingTests":0,"numRuntimeErrorTestSuites":1,"numTodoTests":0,"numTotalTestSuites":1,"numTotalTests":0,"openHandles":[],"snapshot":{"added":0,"didUpdate":false,"failure":false,"filesAdded":0,"filesRemoved":0,"filesRemovedList":[],"filesUnmatched":0,"filesUpdated":0,"matched":0,"total":0,"unchecked":0,"uncheckedKeysByFile":[],"unmatched":0,"updated":0},"startTime":1771625087829,"success":false,"testResults":[{"assertionResults":[],"coverage":{},"endTime":1771625093662,"message":"  \u001b[1m● \u001b[22mTest suite failed to run\n\n    \u001b[96msrc/modules/listings/listings.service.ts\u001b[0m:\u001b[93m541\u001b[0m:\u001b[93m11\u001b[0m - \u001b[91merror\u001b[0m\u001b[90m TS2367: \u001b[0mThis comparison appears to be unintentional because the types '\"DAILY\"' and '\"SLOT\"' have no overlap.\n\n    \u001b[7m541\u001b[0m       if (listing.bookingType !== 'SLOT') {\n    \u001b[7m   \u001b[0m \u001b[91m          ~~~~~~~~~~~~~~~~~~~~~~~~~~~~~~\u001b[0m\n    \u001b[96msrc/modules/listings/listings.service.ts\u001b[0m:\u001b[93m571\u001b[0m:\u001b[93m3\u001b[0m - \u001b[91merror\u001b[0m\u001b[90m TS2304: \u001b[0mCannot find name 'async'.\n\n    \u001b[7m571\u001b[0m   async getAvailableSlots(listingId: string, date: Date): Promise < any[] > {\n    \u001b[7m   \u001b[0m \u001b[91m  ~~~~~\u001b[0m\n    \u001b[96msrc/modules/listings/listings.service.ts\u001b[0m:\u001b[93m571\u001b[0m:\u001b[93m9\u001b[0m - \u001b[91merror\u001b[0m\u001b[90m TS2304: \u001b[0mCannot find name 'getAvailableSlots'.\n\n    \u001b[7m571\u001b[0m   async getAvailableSlots(listingId: string, date: Date): Promise < any[] > {\n    \u001b[7m   \u001b[0m \u001b[91m        ~~~~~~~~~~~~~~~~~\u001b[0m\n    \u001b[96msrc/modules/listings/listings.service.ts\u001b[0m:\u001b[93m571\u001b[0m:\u001b[93m38\u001b[0m - \u001b[91merror\u001b[0m\u001b[90m TS2693: \u001b[0m'string' only refers to a type, but is being used as a value here.\n\n    \u001b[7m571\u001b[0m   async getAvailableSlots(listingId: string, date: Date): Promise < any[] > {\n    \u001b[7m   \u001b[0m \u001b[91m                                     ~~~~~~\u001b[0m\n    \u001b[96msrc/modules/listings/listings.service.ts\u001b[0m:\u001b[93m571\u001b[0m:\u001b[93m46\u001b[0m - \u001b[91merror\u001b[0m\u001b[90m TS2552: \u001b[0mCannot find name 'date'. Did you mean 'Date'?\n\n    \u001b[7m571\u001b[0m   async getAvailableSlots(listingId: string, date: Date): Promise < any[] > {\n    \u001b[7m   \u001b[0m \u001b[91m                                             ~~~~\u001b[0m\n\n      \u001b[96mnode_modules/typescript/lib/lib.es5.d.ts\u001b[0m:\u001b[93m961\u001b[0m:\u001b[93m13\u001b[0m\n        \u001b[7m961\u001b[0m declare var Date: DateConstructor;\n        \u001b[7m   \u001b[0m \u001b[96m            ~~~~\u001b[0m\n        'Date' is declared here.\n    \u001b[96msrc/modules/listings/listings.service.ts\u001b[0m:\u001b[93m571\u001b[0m:\u001b[93m59\u001b[0m - \u001b[91merror\u001b[0m\u001b[90m TS2365: \u001b[0mOperator '>' cannot be applied to types 'boolean' and '{ const: { slotConfiguration: { id: string; createdAt: Date; updatedAt: Date; listingId: string; slotDurationMinutes: number; operatingHours: JsonValue; minBookingSlots: number; maxBookingSlots: number; bufferMinutes: number; pricePerSlot: Decimal; }; } & { ...; }; if(: any, listing: any): never; \"\": boolean; }'.\n\n    \u001b[7m571\u001b[0m   async getAvailableSlots(listingId: string, date: Date): Promise < any[] > {\n    \u001b[7m   \u001b[0m \u001b[91m                                                          ~~~~~~~~~~~~~~~~~~~\u001b[0m\n    \u001b[7m572\u001b[0m       const listing = await this.prisma.listing.findUnique({\n    \u001b[7m   \u001b[0m \u001b[91m~~~~~~~~~~~~~~~~~~~~~~~~~~~~~~~~~~~~~~~~~~~~~~~~~~~~~~~~~~~~\u001b[0m\n    \u001b[7m...\u001b[0m \n    \u001b[7m580\u001b[0m \n    \u001b[7m   \u001b[0m \u001b[91m\u001b[0m\n    \u001b[7m581\u001b[0m     if(listing.bookingType !== 'SLOT') {\n    \u001b[7m   \u001b[0m \u001b[91m~~~~~~~~~~~~~~~~~~~~~~~~~~~~~~~~~~~~~~\u001b[0m\n    \u001b[96msrc/modules/listings/listings.service.ts\u001b[0m:\u001b[93m571\u001b[0m:\u001b[93m69\u001b[0m - \u001b[91merror\u001b[0m\u001b[90m TS2693: \u001b[0m'any' only refers to a type, but is being used as a value here.\n\n    \u001b[7m571\u001b[0m   async getAvailableSlots(listingId: string, date: Date): Promise < any[] > {\n    \u001b[7m   \u001b[0m \u001b[91m                                                                    ~~~\u001b[0m\n    \u001b[96msrc/modules/listings/listings.service.ts\u001b[0m:\u001b[93m572\u001b[0m:\u001b[93m13\u001b[0m - \u001b[91merror\u001b[0m\u001b[90m TS2588: \u001b[0mCannot assign to 'listing' because it is a constant.\n\n    \u001b[7m572\u001b[0m       const listing = await this.prisma.listing.findUnique({\n    \u001b[7m   \u001b[0m \u001b[91m            ~~~~~~~\u001b[0m\n    \u001b[96msrc/modules/listings/listings.service.ts\u001b[0m:\u001b[93m587\u001b[0m:\u001b[93m18\u001b[0m - \u001b[91merror\u001b[0m\u001b[90m TS2339: \u001b[0mProperty 'slotConfiguration' does not exist on type '{ id: string; hostId: string; title: string; description: string; categoryId: string; images: string[]; pricePerDay: Decimal; address: string; rules: string; availability: JsonValue; ... 4 more ...; updatedAt: Date; } & { ...; }'.\n\n    \u001b[7m587\u001b[0m     if (!listing.slotConfiguration) {\n    \u001b[7m   \u001b[0m \u001b[91m                 ~~~~~~~~~~~~~~~~~\u001b[0m\n    \u001b[96msrc/modules/listings/listings.service.ts\u001b[0m:\u001b[93m598\u001b[0m:\u001b[93m20\u001b[0m - \u001b[91merror\u001b[0m\u001b[90m TS2552: \u001b[0mCannot find name 'date'. Did you mean 'Date'?\n\n    \u001b[7m598\u001b[0m         startDate: date,\n    \u001b[7m   \u001b[0m \u001b[91m                   ~~~~\u001b[0m\n\n      \u001b[96mnode_modules/typescript/lib/lib.es5.d.ts\u001b[0m:\u001b[93m961\u001b[0m:\u001b[93m13\u001b[0m\n        \u001b[7m961\u001b[0m declare var Date: DateConstructor;\n        \u001b[7m   \u001b[0m \u001b[96m            ~~~~\u001b[0m\n        'Date' is declared here.\n    \u001b[96msrc/modules/listings/listings.service.ts\u001b[0m:\u001b[93m608\u001b[0m:\u001b[93m15\u001b[0m - \u001b[91merror\u001b[0m\u001b[90m TS2339: \u001b[0mProperty 'slotConfiguration' does not exist on type '{ id: string; hostId: string; title: string; description: string; categoryId: string; images: string[]; pricePerDay: Decimal; address: string; rules: string; availability: JsonValue; ... 4 more ...; updatedAt: Date; } & { ...; }'.\n\n    \u001b[7m608\u001b[0m       listing.slotConfiguration,\n    \u001b[7m   \u001b[0m \u001b[91m              ~~~~~~~~~~~~~~~~~\u001b[0m\n    \u001b[96msrc/modules/listings/listings.service.ts\u001b[0m:\u001b[93m609\u001b[0m:\u001b[93m7\u001b[0m - \u001b[91merror\u001b[0m\u001b[90m TS2552: \u001b[0mCannot find name 'date'. Did you mean 'Date'?\n\n    \u001b[7m609\u001b[0m       date,\n    \u001b[7m   \u001b[0m \u001b[91m      ~~~~\u001b[0m\n\n      \u001b[96mnode_modules/typescript/lib/lib.es5.d.ts\u001b[0m:\u001b[93m961\u001b[0m:\u001b[93m13\u001b[0m\n        \u001b[7m961\u001b[0m declare var Date: DateConstructor;\n        \u001b[7m   \u001b[0m \u001b[96m            ~~~~\u001b[0m\n        'Date' is declared here.\n    \u001b[96msrc/modules/listings/listings.service.ts\u001b[0m:\u001b[93m571\u001b[0m:\u001b[93m3\u001b[0m - \u001b[91merror\u001b[0m\u001b[90m TS1434: \u001b[0mUnexpected keyword or identifier.\n\n    \u001b[7m571\u001b[0m   async getAvailableSlots(listingId: string, date: Date): Promise < any[] > {\n    \u001b[7m   \u001b[0m \u001b[91m  ~~~~~\u001b[0m\n    \u001b[96msrc/modules/listings/listings.service.ts\u001b[0m:\u001b[93m571\u001b[0m:\u001b[93m36\u001b[0m - \u001b[91merror\u001b[0m\u001b[90m TS1005: \u001b[0m',' expected.\n\n    \u001b[7m571\u001b[0m   async getAvailableSlots(listingId: string, date: Date): Promise < any[] > {\n    \u001b[7m   \u001b[0m \u001b[91m                                   ~\u001b[0m\n    \u001b[96msrc/modules/listings/listings.service.ts\u001b[0m:\u001b[93m571\u001b[0m:\u001b[93m50\u001b[0m - \u001b[91merror\u001b[0m\u001b[90m TS1005: \u001b[0m',' expected.\n\n    \u001b[7m571\u001b[0m   async getAvailableSlots(listingId: string, date: Date): Promise < any[] > {\n    \u001b[7m   \u001b[0m \u001b[91m                                                 ~\u001b[0m\n    \u001b[96msrc/modules/listings/listings.service.ts\u001b[0m:\u001b[93m571\u001b[0m:\u001b[93m57\u001b[0m - \u001b[91merror\u001b[0m\u001b[90m TS1005: \u001b[0m';' expected.\n\n    \u001b[7m571\u001b[0m   async getAvailableSlots(listingId: string, date: Date): Promise < any[] > {\n    \u001b[7m   \u001b[0m \u001b[91m                                                        ~\u001b[0m\n    \u001b[96msrc/modules/listings/listings.service.ts\u001b[0m:\u001b[93m571\u001b[0m:\u001b[93m73\u001b[0m - \u001b[91merror\u001b[0m\u001b[90m TS1011: \u001b[0mAn element access expression should take an argument.\n\n    \u001b[7m571\u001b[0m   async getAvailableSlots(listingId: string, date: Date): Promise < any[] > {\n    \u001b[7m   \u001b[0m \u001b[91m                                                                        \u001b[0m\n    \u001b[96msrc/modules/listings/listings.service.ts\u001b[0m:\u001b[93m572\u001b[0m:\u001b[93m13\u001b[0m - \u001b[91merror\u001b[0m\u001b[90m TS1005: \u001b[0m':' expected.\n\n    \u001b[7m572\u001b[0m       const listing = await this.prisma.listing.findUnique({\n    \u001b[7m   \u001b[0m \u001b[91m            ~~~~~~~\u001b[0m\n    \u001b[96msrc/modules/listings/listings.service.ts\u001b[0m:\u001b[93m575\u001b[0m:\u001b[93m9\u001b[0m - \u001b[91merror\u001b[0m\u001b[90m TS1005: \u001b[0m',' expected.\n\n    \u001b[7m575\u001b[0m       });\n    \u001b[7m   \u001b[0m \u001b[91m        ~\u001b[0m\n    \u001b[96msrc/modules/listings/listings.service.ts\u001b[0m:\u001b[93m577\u001b[0m:\u001b[93m10\u001b[0m - \u001b[91merror\u001b[0m\u001b[90m TS1003: \u001b[0mIdentifier expected.\n\n    \u001b[7m577\u001b[0m       if(!listing) {\n    \u001b[7m   \u001b[0m \u001b[91m         ~\u001b[0m\n    \u001b[96msrc/modules/listings/listings.service.ts\u001b[0m:\u001b[93m581\u001b[0m:\u001b[93m5\u001b[0m - \u001b[91merror\u001b[0m\u001b[90m TS1005: \u001b[0m',' expected.\n\n    \u001b[7m581\u001b[0m     if(listing.bookingType !== 'SLOT') {\n    \u001b[7m   \u001b[0m \u001b[91m    ~~\u001b[0m\n    \u001b[96msrc/modules/listings/listings.service.ts\u001b[0m:\u001b[93m581\u001b[0m:\u001b[93m15\u001b[0m - \u001b[91merror\u001b[0m\u001b[90m TS1005: \u001b[0m',' expected.\n\n    \u001b[7m581\u001b[0m     if(listing.bookingType !== 'SLOT') {\n    \u001b[7m   \u001b[0m \u001b[91m              ~\u001b[0m\n    \u001b[96msrc/modules/listings/listings.service.ts\u001b[0m:\u001b[93m581\u001b[0m:\u001b[93m38\u001b[0m - \u001b[91merror\u001b[0m\u001b[90m TS1005: \u001b[0m',' expected.\n\n    \u001b[7m581\u001b[0m     if(listing.bookingType !== 'SLOT') {\n    \u001b[7m   \u001b[0m \u001b[91m                                     ~\u001b[0m\n    \u001b[96msrc/modules/listings/listings.service.ts\u001b[0m:\u001b[93m581\u001b[0m:\u001b[93m40\u001b[0m - \u001b[91merror\u001b[0m\u001b[90m TS1136: \u001b[0mProperty assignment expected.\n\n    \u001b[7m581\u001b[0m     if(listing.bookingType !== 'SLOT') {\n    \u001b[7m   \u001b[0m \u001b[91m                                       ~\u001b[0m\n","name":"C:\\Users\\fadi\\Desktop\\lock in\\PFE_Project\\PFE\\the real RentAI\\all-the-project-\\test\\slot-booking-conflict.e2e-spec.ts","startTime":1771625093662,"status":"failed","summary":""}],"wasInterrupted":false}
